2025-06-03 09:57:22,423 - INFO - Obtendo um novo token
2025-06-03 09:57:22,781 - INFO - Token obtido com sucesso.
2025-06-03 09:57:22,782 - INFO - Pesquisando o ticket R7515...
2025-06-03 09:57:23,025 - INFO - Pesquisa efetuada com sucesso.
2025-06-03 09:57:23,026 - INFO - 127.0.0.1 - - [03/Jun/2025 09:57:23] "GET /ticket/R7515 HTTP/1.1" 200 -
2025-06-03 09:57:51,884 - INFO - Pesquisando o ticket R7623...
2025-06-03 09:57:52,117 - INFO - Pesquisa efetuada com sucesso.
2025-06-03 09:57:52,118 - INFO - 127.0.0.1 - - [03/Jun/2025 09:57:52] "GET /ticket/R7623 HTTP/1.1" 200 -
2025-06-03 09:57:54,758 - INFO - Pesquisando o ticket R7623...
2025-06-03 09:57:55,618 - INFO - Pesquisa efetuada com sucesso.
2025-06-03 09:57:55,619 - INFO - 127.0.0.1 - - [03/Jun/2025 09:57:55] "GET /ticket/R7623 HTTP/1.1" 200 -2025-06-03 10:01:54,977 - INFO - Pesquisando o ticket R7623...
2025-06-03 10:01:55,186 - INFO - Pesquisa efetuada com sucesso.
2025-06-03 10:01:55,187 - INFO - 127.0.0.1 - - [03/Jun/2025 10:01:55] "GET /ticket/R7623 HTTP/1.1" 200 -
2025-06-03 10:14:58,213 - INFO - [31m[1mWARNING: This is a development server. Do not use it in a production deployment. Use a production WSGI server instead.[0m
 * Running on http://127.0.0.1:8000
2025-06-03 10:14:58,213 - INFO - [33mPress CTRL+C to quit[0m
2025-06-03 10:15:00,713 - INFO - Obtendo um novo token
2025-06-03 10:15:01,041 - INFO - Token obtido com sucesso.
2025-06-03 10:15:01,041 - INFO - Pesquisando o ticket R7623...
2025-06-03 10:15:01,296 - INFO - Pesquisa efetuada com sucesso.
2025-06-03 10:15:01,298 - INFO - 127.0.0.1 - - [03/Jun/2025 10:15:01] "GET /ticket/R7623 HTTP/1.1" 200 -
2025-06-03 10:36:41,094 - INFO - [31m[1mWARNING: This is a development server. Do not use it in a production deployment. Use a production WSGI server instead.[0m
 * Running on http://127.0.0.1:8000
2025-06-03 10:36:41,095 - INFO - [33mPress CTRL+C to quit[0m
2025-06-03 10:37:10,278 - INFO - Obtendo um novo token
2025-06-03 10:37:10,624 - INFO - Token obtido com sucesso.
2025-06-03 10:37:10,624 - INFO - Pesquisando o ticket R7597...
2025-06-03 10:37:10,870 - INFO - Pesquisa efetuada com sucesso.
2025-06-03 10:37:11,218 - INFO - Consultando histórico do ticket
2025-06-03 10:37:11,219 - INFO - Histórico disponibilizado.
2025-06-03 10:37:11,222 - INFO - 127.0.0.1 - - [03/Jun/2025 10:37:11] "GET /ticket/R7597 HTTP/1.1" 200 -
2025-06-03 10:37:12,701 - INFO - Pesquisando o ticket R7597...
2025-06-03 10:37:12,927 - INFO - Pesquisa efetuada com sucesso.
2025-06-03 10:37:13,308 - INFO - Consultando histórico do ticket
2025-06-03 10:37:13,309 - INFO - Histórico disponibilizado.
2025-06-03 10:37:13,311 - INFO - 127.0.0.1 - - [03/Jun/2025 10:37:13] "GET /ticket/R7597 HTTP/1.1" 200 -
2025-06-03 10:39:21,411 - INFO - [31m[1mWARNING: This is a development server. Do not use it in a production deployment. Use a production WSGI server instead.[0m
 * Running on http://127.0.0.1:8000
2025-06-03 10:39:21,412 - INFO - [33mPress CTRL+C to quit[0m
2025-06-03 10:40:01,720 - INFO - Obtendo um novo token
2025-06-03 10:40:02,716 - INFO - Token obtido com sucesso.
2025-06-03 10:40:02,716 - INFO - Pesquisando o ticket R7597...
2025-06-03 10:40:03,430 - INFO - Pesquisa efetuada com sucesso.
2025-06-03 10:40:04,076 - INFO - Consultando histórico do ticket
2025-06-03 10:40:04,077 - INFO - Histórico disponibilizado.
2025-06-03 10:40:04,079 - INFO - 127.0.0.1 - - [03/Jun/2025 10:40:04] "GET /ticket/R7597 HTTP/1.1" 200 -
2025-06-03 10:40:55,693 - INFO - [31m[1mWARNING: This is a development server. Do not use it in a production deployment. Use a production WSGI server instead.[0m
 * Running on http://127.0.0.1:8000
2025-06-03 10:40:55,694 - INFO - [33mPress CTRL+C to quit[0m
2025-06-03 10:41:06,580 - INFO - Obtendo um novo token
2025-06-03 10:41:06,916 - INFO - Token obtido com sucesso.
2025-06-03 10:41:06,917 - INFO - Pesquisando o ticket R7597...
2025-06-03 10:41:07,570 - INFO - Pesquisa efetuada com sucesso.
2025-06-03 10:41:09,041 - INFO - Consultando histórico do ticket
2025-06-03 10:41:09,042 - INFO - Histórico disponibilizado.
2025-06-03 10:41:09,043 - INFO - 127.0.0.1 - - [03/Jun/2025 10:41:09] "GET /ticket/R7597 HTTP/1.1" 200 -
2025-06-03 10:41:59,378 - INFO - Pesquisando o ticket R75975...
2025-06-03 10:42:00,187 - ERROR - Ticket R75975 não localizado.
2025-06-03 10:42:00,822 - INFO - Consultando histórico do ticket
2025-06-03 10:42:00,822 - INFO - Histórico disponibilizado.
2025-06-03 10:42:00,823 - INFO - 127.0.0.1 - - [03/Jun/2025 10:42:00] "GET /ticket/R75975 HTTP/1.1" 200 -
2025-06-03 10:42:02,284 - INFO - Pesquisando o ticket R75975...
2025-06-03 10:42:02,525 - ERROR - Ticket R75975 não localizado.
2025-06-03 10:42:02,861 - INFO - Consultando histórico do ticket
2025-06-03 10:42:02,862 - INFO - Histórico disponibilizado.
2025-06-03 10:42:02,864 - INFO - 127.0.0.1 - - [03/Jun/2025 10:42:02] "GET /ticket/R75975 HTTP/1.1" 200 -
2025-06-03 10:42:10,786 - INFO - Pesquisando o ticket R73...
2025-06-03 10:42:11,600 - INFO - Pesquisa efetuada com sucesso.
2025-06-03 10:42:12,416 - INFO - Consultando histórico do ticket
2025-06-03 10:42:12,417 - INFO - Histórico disponibilizado.
2025-06-03 10:42:12,418 - INFO - 127.0.0.1 - - [03/Jun/2025 10:42:12] "GET /ticket/R73 HTTP/1.1" 200 -
2025-06-03 10:42:14,072 - INFO - Pesquisando o ticket R73...
2025-06-03 10:42:14,607 - INFO - Pesquisa efetuada com sucesso.
2025-06-03 10:42:14,855 - INFO - Consultando histórico do ticket
2025-06-03 10:42:14,855 - INFO - Histórico disponibilizado.
2025-06-03 10:42:14,856 - INFO - 127.0.0.1 - - [03/Jun/2025 10:42:14] "GET /ticket/R73 HTTP/1.1" 200 -
2025-06-03 10:42:23,060 - INFO - Pesquisando o ticket R734456...
2025-06-03 10:42:23,279 - ERROR - Ticket R734456 não localizado.
2025-06-03 10:42:23,532 - INFO - Consultando histórico do ticket
2025-06-03 10:42:23,532 - INFO - Histórico disponibilizado.
2025-06-03 10:42:23,533 - INFO - 127.0.0.1 - - [03/Jun/2025 10:42:23] "GET /ticket/R734456 HTTP/1.1" 200 -
2025-06-03 10:42:25,368 - INFO - Pesquisando o ticket R734456...
2025-06-03 10:42:26,154 - ERROR - Ticket R734456 não localizado.
2025-06-03 10:42:27,022 - INFO - Consultando histórico do ticket
2025-06-03 10:42:27,022 - INFO - Histórico disponibilizado.
2025-06-03 10:42:27,023 - INFO - 127.0.0.1 - - [03/Jun/2025 10:42:27] "GET /ticket/R734456 HTTP/1.1" 200 -
2025-06-03 10:42:28,981 - INFO - Pesquisando o ticket R734456...
2025-06-03 10:42:29,164 - ERROR - Ticket R734456 não localizado.
2025-06-03 10:42:29,420 - INFO - Consultando histórico do ticket
2025-06-03 10:42:29,420 - INFO - Histórico disponibilizado.
2025-06-03 10:42:29,421 - INFO - 127.0.0.1 - - [03/Jun/2025 10:42:29] "GET /ticket/R734456 HTTP/1.1" 200 -
2025-06-03 10:45:12,670 - INFO - [31m[1mWARNING: This is a development server. Do not use it in a production deployment. Use a production WSGI server instead.[0m
 * Running on http://127.0.0.1:8000
2025-06-03 10:45:12,670 - INFO - [33mPress CTRL+C to quit[0m
2025-06-03 10:45:18,355 - INFO - Obtendo um novo token
2025-06-03 10:45:19,270 - INFO - Token obtido com sucesso.
2025-06-03 10:45:19,270 - INFO - Pesquisando o ticket R734456...
2025-06-03 10:45:19,831 - ERROR - Ticket R734456 não localizado.
2025-06-03 10:45:49,651 - INFO - [31m[1mWARNING: This is a development server. Do not use it in a production deployment. Use a production WSGI server instead.[0m
 * Running on http://127.0.0.1:8000
2025-06-03 10:45:49,651 - INFO - [33mPress CTRL+C to quit[0m
2025-06-03 10:45:53,429 - INFO - Obtendo um novo token
2025-06-03 10:45:53,757 - INFO - Token obtido com sucesso.
2025-06-03 10:45:53,757 - INFO - Pesquisando o ticket R7344...
2025-06-03 10:45:53,977 - INFO - Pesquisa efetuada com sucesso.
2025-06-03 10:45:54,237 - INFO - Consultando histórico do ticket
2025-06-03 10:45:54,237 - INFO - Histórico disponibilizado.
2025-06-03 10:45:54,238 - ERROR - Erro ao processar a requisição: unsupported operand type(s) for &: 'dict' and 'dict'
2025-06-03 10:45:54,238 - INFO - 127.0.0.1 - - [03/Jun/2025 10:45:54] "GET /ticket/R7344 HTTP/1.1" 200 -
2025-06-03 10:45:55,515 - INFO - Pesquisando o ticket R7344...
2025-06-03 10:45:55,744 - INFO - Pesquisa efetuada com sucesso.
2025-06-03 10:45:55,992 - INFO - Consultando histórico do ticket
2025-06-03 10:45:55,992 - INFO - Histórico disponibilizado.
2025-06-03 10:45:55,992 - ERROR - Erro ao processar a requisição: unsupported operand type(s) for &: 'dict' and 'dict'
2025-06-03 10:45:55,992 - INFO - 127.0.0.1 - - [03/Jun/2025 10:45:55] "GET /ticket/R7344 HTTP/1.1" 200 -
2025-06-03 10:45:57,325 - INFO - Pesquisando o ticket R7344...
2025-06-03 10:45:57,618 - INFO - Pesquisa efetuada com sucesso.
2025-06-03 10:45:57,881 - INFO - Consultando histórico do ticket
2025-06-03 10:45:57,882 - INFO - Histórico disponibilizado.
2025-06-03 10:45:57,882 - ERROR - Erro ao processar a requisição: unsupported operand type(s) for &: 'dict' and 'dict'
2025-06-03 10:45:57,883 - INFO - 127.0.0.1 - - [03/Jun/2025 10:45:57] "GET /ticket/R7344 HTTP/1.1" 200 -
2025-06-03 10:46:10,140 - INFO - [31m[1mWARNING: This is a development server. Do not use it in a production deployment. Use a production WSGI server instead.[0m
 * Running on http://127.0.0.1:8000
2025-06-03 10:46:10,140 - INFO - [33mPress CTRL+C to quit[0m
2025-06-03 10:46:10,758 - INFO - Obtendo um novo token
2025-06-03 10:46:11,116 - INFO - Token obtido com sucesso.
2025-06-03 10:46:11,116 - INFO - Pesquisando o ticket R7344...
2025-06-03 10:46:11,335 - INFO - Pesquisa efetuada com sucesso.
2025-06-03 10:46:11,592 - INFO - Consultando histórico do ticket
2025-06-03 10:46:11,592 - INFO - Histórico disponibilizado.
2025-06-03 10:46:11,593 - INFO - 127.0.0.1 - - [03/Jun/2025 10:46:11] "GET /ticket/R7344 HTTP/1.1" 200 -
2025-06-03 10:48:54,611 - INFO - [31m[1mWARNING: This is a development server. Do not use it in a production deployment. Use a production WSGI server instead.[0m
 * Running on http://127.0.0.1:8000
2025-06-03 10:48:54,611 - INFO - [33mPress CTRL+C to quit[0m
2025-06-03 10:50:32,889 - INFO - [31m[1mWARNING: This is a development server. Do not use it in a production deployment. Use a production WSGI server instead.[0m
 * Running on http://127.0.0.1:8000
2025-06-03 10:50:32,889 - INFO - [33mPress CTRL+C to quit[0m
2025-06-03 10:50:46,297 - INFO - Obtendo um novo token
2025-06-03 10:50:46,590 - INFO - Token obtido com sucesso.
2025-06-03 10:50:46,590 - INFO - Pesquisando o ticket R7344...
2025-06-03 10:50:46,828 - INFO - Pesquisa efetuada com sucesso.
2025-06-03 10:50:47,079 - INFO - Consultando histórico do ticket
2025-06-03 10:50:47,079 - INFO - Histórico disponibilizado.
2025-06-03 10:50:47,082 - ERROR - Erro ao processar a requisição: 'dict' object is not callable
2025-06-03 10:50:47,083 - INFO - 127.0.0.1 - - [03/Jun/2025 10:50:47] "GET /ticket/R7344 HTTP/1.1" 200 -
2025-06-03 10:52:00,428 - INFO - [31m[1mWARNING: This is a development server. Do not use it in a production deployment. Use a production WSGI server instead.[0m
 * Running on http://127.0.0.1:8000
2025-06-03 10:52:00,428 - INFO - [33mPress CTRL+C to quit[0m
2025-06-03 10:52:04,140 - INFO - Obtendo um novo token
2025-06-03 10:52:04,476 - INFO - Token obtido com sucesso.
2025-06-03 10:52:04,477 - INFO - Pesquisando o ticket R7344...
2025-06-03 10:52:04,773 - INFO - Pesquisa efetuada com sucesso.
2025-06-03 10:52:05,376 - INFO - Consultando histórico do ticket
2025-06-03 10:52:05,376 - INFO - Histórico disponibilizado.
2025-06-03 10:52:05,381 - ERROR - Erro ao processar a requisição: 'dict' object is not callable
2025-06-03 10:52:05,382 - INFO - 127.0.0.1 - - [03/Jun/2025 10:52:05] "GET /ticket/R7344 HTTP/1.1" 200 -
2025-06-03 10:54:15,538 - INFO - [31m[1mWARNING: This is a development server. Do not use it in a production deployment. Use a production WSGI server instead.[0m
 * Running on http://127.0.0.1:8000
2025-06-03 10:54:15,539 - INFO - [33mPress CTRL+C to quit[0m
2025-06-03 10:54:18,326 - INFO - Obtendo um novo token
2025-06-03 10:54:20,016 - INFO - Token obtido com sucesso.
2025-06-03 10:54:20,016 - INFO - Pesquisando o ticket R7344...
2025-06-03 10:54:20,714 - INFO - Pesquisa efetuada com sucesso.
2025-06-03 10:54:21,291 - INFO - Consultando histórico do ticket
2025-06-03 10:54:21,291 - INFO - Histórico disponibilizado.
2025-06-03 10:54:21,294 - INFO - 127.0.0.1 - - [03/Jun/2025 10:54:21] "GET /ticket/R7344 HTTP/1.1" 200 -
2025-06-03 10:54:33,696 - INFO - Pesquisando o ticket R73443...
2025-06-03 10:54:34,769 - ERROR - Ticket R73443 não localizado.
2025-06-03 10:54:35,573 - INFO - Consultando histórico do ticket
2025-06-03 10:54:35,573 - INFO - Histórico disponibilizado.
2025-06-03 10:54:35,575 - INFO - 127.0.0.1 - - [03/Jun/2025 10:54:35] "GET /ticket/R73443 HTTP/1.1" 200 -
2025-06-03 10:54:36,842 - INFO - Pesquisando o ticket R73443...
2025-06-03 10:54:37,050 - ERROR - Ticket R73443 não localizado.
2025-06-03 10:54:37,309 - INFO - Consultando histórico do ticket
2025-06-03 10:54:37,309 - INFO - Histórico disponibilizado.
2025-06-03 10:54:37,312 - INFO - 127.0.0.1 - - [03/Jun/2025 10:54:37] "GET /ticket/R73443 HTTP/1.1" 200 -
2025-06-03 10:55:37,783 - INFO - [31m[1mWARNING: This is a development server. Do not use it in a production deployment. Use a production WSGI server instead.[0m
 * Running on http://127.0.0.1:8000
2025-06-03 10:55:37,783 - INFO - [33mPress CTRL+C to quit[0m
2025-06-03 10:55:44,454 - INFO - Obtendo um novo token
2025-06-03 10:55:45,417 - INFO - Token obtido com sucesso.
2025-06-03 10:55:45,417 - INFO - Pesquisando o ticket R73443...
2025-06-03 10:55:46,227 - ERROR - Ticket R73443 não localizado.
2025-06-03 10:58:29,440 - INFO - [31m[1mWARNING: This is a development server. Do not use it in a production deployment. Use a production WSGI server instead.[0m
 * Running on http://127.0.0.1:8000
2025-06-03 10:58:29,440 - INFO - [33mPress CTRL+C to quit[0m
2025-06-03 10:58:38,954 - INFO - Obtendo um novo token
2025-06-03 10:58:39,847 - INFO - Token obtido com sucesso.
2025-06-03 10:58:39,848 - INFO - Pesquisando o ticket R73443...
2025-06-03 10:58:40,623 - ERROR - Ticket R73443 não localizado.
2025-06-03 10:58:40,623 - INFO - 127.0.0.1 - - [03/Jun/2025 10:58:40] "GET /ticket/R73443 HTTP/1.1" 200 -
2025-06-03 10:59:11,748 - INFO - Pesquisando o ticket R76234...
2025-06-03 10:59:12,048 - ERROR - Ticket R76234 não localizado.
2025-06-03 10:59:12,049 - INFO - 127.0.0.1 - - [03/Jun/2025 10:59:12] "GET /ticket/R76234 HTTP/1.1" 200 -
2025-06-03 10:59:37,401 - INFO - [31m[1mWARNING: This is a development server. Do not use it in a production deployment. Use a production WSGI server instead.[0m
 * Running on http://127.0.0.1:8000
2025-06-03 10:59:37,401 - INFO - [33mPress CTRL+C to quit[0m
2025-06-03 10:59:43,032 - INFO - Obtendo um novo token
2025-06-03 10:59:43,475 - INFO - Token obtido com sucesso.
2025-06-03 10:59:43,475 - INFO - Pesquisando o ticket R76234...
2025-06-03 10:59:43,702 - ERROR - Ticket R76234 não localizado.
2025-06-03 10:59:43,703 - INFO - 127.0.0.1 - - [03/Jun/2025 10:59:43] "GET /ticket/R76234 HTTP/1.1" 200 -
2025-06-03 11:00:07,663 - INFO - Pesquisando o ticket R76234...
2025-06-03 11:00:08,361 - ERROR - Ticket R76234 não localizado.
2025-06-03 11:00:08,361 - INFO - 127.0.0.1 - - [03/Jun/2025 11:00:08] "GET /ticket/R76234 HTTP/1.1" 200 -
2025-06-03 11:00:29,529 - INFO - Pesquisando o ticket R7623...
2025-06-03 11:00:29,829 - INFO - Pesquisa efetuada com sucesso.
2025-06-03 11:00:30,191 - INFO - Consultando histórico do ticket
2025-06-03 11:00:30,191 - INFO - Histórico disponibilizado.
2025-06-03 11:00:30,192 - INFO - 127.0.0.1 - - [03/Jun/2025 11:00:30] "GET /ticket/R7623 HTTP/1.1" 200 -
2025-06-03 11:32:33,208 - INFO - Pesquisando o ticket R76232...
2025-06-03 11:32:33,450 - ERROR - Ticket R76232 não localizado.
2025-06-03 11:32:33,456 - INFO - 127.0.0.1 - - [03/Jun/2025 11:32:33] "GET /ticket/R76232 HTTP/1.1" 200 -
2025-06-03 11:32:45,221 - INFO - [31m[1mWARNING: This is a development server. Do not use it in a production deployment. Use a production WSGI server instead.[0m
 * Running on http://127.0.0.1:8000
2025-06-03 11:32:45,222 - INFO - [33mPress CTRL+C to quit[0m
2025-06-03 14:31:31,074 - INFO - [31m[1mWARNING: This is a development server. Do not use it in a production deployment. Use a production WSGI server instead.[0m
 * Running on http://127.0.0.1:8000
2025-06-03 14:31:31,076 - INFO - [33mPress CTRL+C to quit[0m
2025-06-03 14:31:35,784 - INFO - Obtendo um novo token
2025-06-03 14:31:36,145 - INFO - Token obtido com sucesso.
2025-06-03 14:31:36,146 - INFO - Pesquisando o ticket R7344...
2025-06-03 14:31:36,415 - INFO - Pesquisa efetuada com sucesso.
2025-06-03 14:31:36,666 - INFO - Consultando histórico do ticket
2025-06-03 14:31:36,666 - INFO - Histórico disponibilizado.
2025-06-03 14:31:36,668 - INFO - 127.0.0.1 - - [03/Jun/2025 14:31:36] "GET /ticket/R7344 HTTP/1.1" 200 -
2025-06-03 15:46:35,396 - INFO - [31m[1mWARNING: This is a development server. Do not use it in a production deployment. Use a production WSGI server instead.[0m
 * Running on http://127.0.0.1:8000
2025-06-03 15:46:35,397 - INFO - [33mPress CTRL+C to quit[0m
2025-06-03 15:46:37,168 - INFO - Obtendo um novo token
2025-06-03 15:46:38,063 - INFO - Token obtido com sucesso.
2025-06-03 15:46:38,064 - INFO - Pesquisando o ticket R7373...
2025-06-03 15:46:38,870 - ERROR - Ticket R7373 não localizado.
2025-06-03 15:46:38,871 - INFO - 127.0.0.1 - - [03/Jun/2025 15:46:38] "[31m[1mGET /ticket/R7373 HTTP/1.1[0m" 400 -
2025-06-03 15:46:44,129 - INFO - Pesquisando o ticket R7272...
2025-06-03 15:46:44,370 - INFO - Pesquisa efetuada com sucesso.
2025-06-03 15:46:44,606 - INFO - Consultando histórico do ticket
2025-06-03 15:46:44,606 - INFO - Histórico disponibilizado.
2025-06-03 15:46:44,608 - INFO - 127.0.0.1 - - [03/Jun/2025 15:46:44] "GET /ticket/R7272 HTTP/1.1" 200 -
2025-06-03 15:47:00,580 - INFO - Pesquisando o ticket 7784...
2025-06-03 15:47:00,802 - INFO - Pesquisa efetuada com sucesso.
2025-06-03 15:47:01,155 - INFO - Consultando histórico do ticket
2025-06-03 15:47:01,156 - INFO - Histórico disponibilizado.
2025-06-03 15:47:01,159 - ERROR - Erro ao processar a requisição: list index out of range
2025-06-03 15:47:01,159 - INFO - 127.0.0.1 - - [03/Jun/2025 15:47:01] "[35m[1mGET /ticket/7784 HTTP/1.1[0m" 500 -
2025-06-03 15:47:53,440 - INFO - Pesquisando o ticket R7781...
2025-06-03 15:47:53,681 - INFO - Pesquisa efetuada com sucesso.
2025-06-03 15:47:54,018 - INFO - Consultando histórico do ticket
2025-06-03 15:47:54,019 - INFO - Histórico disponibilizado.
2025-06-03 15:47:54,020 - ERROR - Erro ao processar a requisição: list index out of range
2025-06-03 15:47:54,021 - INFO - 127.0.0.1 - - [03/Jun/2025 15:47:54] "[35m[1mGET /ticket/R7781 HTTP/1.1[0m" 500 -
2025-06-03 15:56:27,562 - INFO - [31m[1mWARNING: This is a development server. Do not use it in a production deployment. Use a production WSGI server instead.[0m
 * Running on http://127.0.0.1:8000
2025-06-03 15:56:27,564 - INFO - [33mPress CTRL+C to quit[0m
2025-06-03 15:56:41,743 - INFO - Obtendo um novo token
2025-06-03 15:56:42,076 - INFO - Token obtido com sucesso.
2025-06-03 15:56:42,077 - INFO - Pesquisando o ticket R7781...
2025-06-03 15:56:42,280 - INFO - Pesquisa efetuada com sucesso.
2025-06-03 15:56:42,707 - INFO - Consultando histórico do ticket
2025-06-03 15:56:42,708 - INFO - Histórico disponibilizado.
2025-06-03 15:56:42,711 - ERROR - Erro ao processar a requisição: 'NoneType' object has no attribute 'replace'
2025-06-03 15:56:42,713 - INFO - 127.0.0.1 - - [03/Jun/2025 15:56:42] "[35m[1mGET /ticket/R7781 HTTP/1.1[0m" 500 -
2025-06-03 15:56:44,356 - INFO - Pesquisando o ticket R7781...
2025-06-03 15:56:44,547 - INFO - Pesquisa efetuada com sucesso.
2025-06-03 15:56:44,956 - INFO - Consultando histórico do ticket
2025-06-03 15:56:44,956 - INFO - Histórico disponibilizado.
2025-06-03 15:56:44,959 - ERROR - Erro ao processar a requisição: 'NoneType' object has no attribute 'replace'
2025-06-03 15:56:44,960 - INFO - 127.0.0.1 - - [03/Jun/2025 15:56:44] "[35m[1mGET /ticket/R7781 HTTP/1.1[0m" 500 -
2025-06-03 15:56:45,230 - INFO - Pesquisando o ticket R7781...
2025-06-03 15:56:45,663 - INFO - Pesquisa efetuada com sucesso.
2025-06-03 15:56:46,085 - INFO - Consultando histórico do ticket
2025-06-03 15:56:46,086 - INFO - Histórico disponibilizado.
2025-06-03 15:56:46,089 - ERROR - Erro ao processar a requisição: 'NoneType' object has no attribute 'replace'
2025-06-03 15:56:46,089 - INFO - 127.0.0.1 - - [03/Jun/2025 15:56:46] "[35m[1mGET /ticket/R7781 HTTP/1.1[0m" 500 -
2025-06-03 15:57:02,749 - INFO - [31m[1mWARNING: This is a development server. Do not use it in a production deployment. Use a production WSGI server instead.[0m
 * Running on http://127.0.0.1:8000
2025-06-03 15:57:02,749 - INFO - [33mPress CTRL+C to quit[0m
2025-06-03 15:57:10,697 - INFO - [31m[1mWARNING: This is a development server. Do not use it in a production deployment. Use a production WSGI server instead.[0m
 * Running on http://127.0.0.1:8000
2025-06-03 15:57:10,698 - INFO - [33mPress CTRL+C to quit[0m
2025-06-03 15:57:14,585 - INFO - Obtendo um novo token
2025-06-03 15:57:14,899 - INFO - Token obtido com sucesso.
2025-06-03 15:57:14,900 - INFO - Pesquisando o ticket R7781...
2025-06-03 15:57:15,121 - INFO - Pesquisa efetuada com sucesso.
2025-06-03 15:57:16,917 - INFO - Consultando histórico do ticket
2025-06-03 15:57:16,918 - INFO - Histórico disponibilizado.
2025-06-03 15:57:16,922 - INFO - 127.0.0.1 - - [03/Jun/2025 15:57:16] "GET /ticket/R7781 HTTP/1.1" 200 -
2025-06-03 16:00:32,389 - INFO - [31m[1mWARNING: This is a development server. Do not use it in a production deployment. Use a production WSGI server instead.[0m
 * Running on http://127.0.0.1:8000
2025-06-03 16:00:32,389 - INFO - [33mPress CTRL+C to quit[0m
2025-06-03 16:00:34,411 - INFO - Obtendo um novo token
2025-06-03 16:00:34,950 - INFO - Token obtido com sucesso.
2025-06-03 16:00:34,951 - INFO - Pesquisando o ticket R7781...
2025-06-03 16:00:35,173 - INFO - Pesquisa efetuada com sucesso.
2025-06-03 16:00:35,535 - INFO - Consultando histórico do ticket
2025-06-03 16:00:35,535 - INFO - Histórico disponibilizado.
2025-06-03 16:00:35,538 - INFO - 127.0.0.1 - - [03/Jun/2025 16:00:35] "GET /ticket/R7781 HTTP/1.1" 200 -
2025-06-03 16:01:12,842 - INFO - [31m[1mWARNING: This is a development server. Do not use it in a production deployment. Use a production WSGI server instead.[0m
 * Running on http://127.0.0.1:8000
2025-06-03 16:01:12,842 - INFO - [33mPress CTRL+C to quit[0m
2025-06-03 16:01:18,413 - INFO - Obtendo um novo token
2025-06-03 16:01:18,786 - INFO - Token obtido com sucesso.
2025-06-03 16:01:18,786 - INFO - Pesquisando o ticket R7781...
2025-06-03 16:01:19,053 - INFO - Pesquisa efetuada com sucesso.
2025-06-03 16:01:19,418 - INFO - Consultando histórico do ticket
2025-06-03 16:01:19,418 - INFO - Histórico disponibilizado.
2025-06-03 16:01:19,419 - INFO - 127.0.0.1 - - [03/Jun/2025 16:01:19] "GET /ticket/R7781 HTTP/1.1" 200 -
2025-06-03 16:01:46,631 - INFO - [31m[1mWARNING: This is a development server. Do not use it in a production deployment. Use a production WSGI server instead.[0m
 * Running on http://127.0.0.1:8000
2025-06-03 16:01:46,631 - INFO - [33mPress CTRL+C to quit[0m
2025-06-03 16:01:50,022 - INFO - Obtendo um novo token
2025-06-03 16:01:50,380 - INFO - Token obtido com sucesso.
2025-06-03 16:01:50,380 - INFO - Pesquisando o ticket R7781...
2025-06-03 16:01:50,604 - INFO - Pesquisa efetuada com sucesso.
2025-06-03 16:01:50,912 - INFO - Consultando histórico do ticket
2025-06-03 16:01:50,913 - INFO - Histórico disponibilizado.
2025-06-03 16:01:50,917 - INFO - 127.0.0.1 - - [03/Jun/2025 16:01:50] "GET /ticket/R7781 HTTP/1.1" 200 -
2025-06-03 16:01:53,937 - INFO - Pesquisando o ticket R7781...
2025-06-03 16:01:54,755 - INFO - Pesquisa efetuada com sucesso.
2025-06-03 16:01:55,949 - INFO - Consultando histórico do ticket
2025-06-03 16:01:55,950 - INFO - Histórico disponibilizado.
2025-06-03 16:01:55,951 - INFO - 127.0.0.1 - - [03/Jun/2025 16:01:55] "GET /ticket/R7781 HTTP/1.1" 200 -
2025-06-03 16:02:18,501 - INFO - [31m[1mWARNING: This is a development server. Do not use it in a production deployment. Use a production WSGI server instead.[0m
 * Running on http://127.0.0.1:8000
2025-06-03 16:02:18,501 - INFO - [33mPress CTRL+C to quit[0m
2025-06-03 16:02:21,843 - INFO - Obtendo um novo token
2025-06-03 16:02:23,050 - INFO - Token obtido com sucesso.
2025-06-03 16:02:23,050 - INFO - Pesquisando o ticket R7781...
2025-06-03 16:02:23,816 - INFO - Pesquisa efetuada com sucesso.
2025-06-03 16:02:25,335 - INFO - Consultando histórico do ticket
2025-06-03 16:02:25,337 - INFO - Histórico disponibilizado.
2025-06-03 16:02:25,339 - INFO - 127.0.0.1 - - [03/Jun/2025 16:02:25] "GET /ticket/R7781 HTTP/1.1" 200 -
2025-06-03 16:02:56,782 - INFO - [31m[1mWARNING: This is a development server. Do not use it in a production deployment. Use a production WSGI server instead.[0m
 * Running on http://127.0.0.1:8000
2025-06-03 16:02:56,782 - INFO - [33mPress CTRL+C to quit[0m
2025-06-03 16:02:58,805 - INFO - Obtendo um novo token
2025-06-03 16:02:59,144 - INFO - Token obtido com sucesso.
2025-06-03 16:02:59,145 - INFO - Pesquisando o ticket R7781...
2025-06-03 16:02:59,401 - INFO - Pesquisa efetuada com sucesso.
2025-06-03 16:02:59,810 - INFO - Consultando histórico do ticket
2025-06-03 16:02:59,811 - INFO - Histórico disponibilizado.
2025-06-03 16:02:59,817 - ERROR - Erro ao processar a requisição: cannot access local variable 'email' where it is not associated with a value
2025-06-03 16:02:59,818 - INFO - 127.0.0.1 - - [03/Jun/2025 16:02:59] "[35m[1mGET /ticket/R7781 HTTP/1.1[0m" 500 -
2025-06-03 16:03:23,150 - INFO - [31m[1mWARNING: This is a development server. Do not use it in a production deployment. Use a production WSGI server instead.[0m
 * Running on http://127.0.0.1:8000
2025-06-03 16:03:23,150 - INFO - [33mPress CTRL+C to quit[0m
2025-06-03 16:03:24,703 - INFO - Obtendo um novo token
2025-06-03 16:03:25,131 - INFO - Token obtido com sucesso.
2025-06-03 16:03:25,132 - INFO - Pesquisando o ticket R7781...
2025-06-03 16:03:25,351 - INFO - Pesquisa efetuada com sucesso.
2025-06-03 16:03:25,691 - INFO - Consultando histórico do ticket
2025-06-03 16:03:25,692 - INFO - Histórico disponibilizado.
2025-06-03 16:03:25,693 - ERROR - Erro ao processar a requisição: cannot access local variable 'email' where it is not associated with a value
2025-06-03 16:03:25,693 - INFO - 127.0.0.1 - - [03/Jun/2025 16:03:25] "[35m[1mGET /ticket/R7781 HTTP/1.1[0m" 500 -
2025-06-03 16:04:37,653 - INFO - [31m[1mWARNING: This is a development server. Do not use it in a production deployment. Use a production WSGI server instead.[0m
 * Running on http://127.0.0.1:8000
2025-06-03 16:04:37,653 - INFO - [33mPress CTRL+C to quit[0m
2025-06-03 16:04:39,937 - INFO - Obtendo um novo token
2025-06-03 16:04:40,244 - INFO - Token obtido com sucesso.
2025-06-03 16:04:40,244 - INFO - Pesquisando o ticket R7781...
2025-06-03 16:04:40,461 - INFO - Pesquisa efetuada com sucesso.
2025-06-03 16:04:41,851 - INFO - Consultando histórico do ticket
2025-06-03 16:04:41,852 - INFO - Histórico disponibilizado.
2025-06-03 16:04:41,854 - ERROR - Erro ao processar a requisição: cannot access local variable 'email' where it is not associated with a value
2025-06-03 16:04:41,855 - INFO - 127.0.0.1 - - [03/Jun/2025 16:04:41] "[35m[1mGET /ticket/R7781 HTTP/1.1[0m" 500 -
2025-06-03 16:05:56,969 - INFO - Pesquisando o ticket R7781...
2025-06-03 16:05:57,181 - INFO - Pesquisa efetuada com sucesso.
2025-06-03 16:05:57,530 - INFO - Consultando histórico do ticket
2025-06-03 16:05:57,531 - INFO - Histórico disponibilizado.
2025-06-03 16:05:57,532 - ERROR - Erro ao processar a requisição: cannot access local variable 'email' where it is not associated with a value
2025-06-03 16:05:57,532 - INFO - 127.0.0.1 - - [03/Jun/2025 16:05:57] "[35m[1mGET /ticket/R7781 HTTP/1.1[0m" 500 -
2025-06-04 21:19:47,974 - INFO - [31m[1mWARNING: This is a development server. Do not use it in a production deployment. Use a production WSGI server instead.[0m
 * Running on http://127.0.0.1:8000
2025-06-04 21:19:47,975 - INFO - [33mPress CTRL+C to quit[0m
2025-06-04 21:20:10,586 - INFO - Obtendo um novo token
2025-06-04 21:20:10,605 - ERROR - Erro ao processar a requisição: Invalid URL 'None': No scheme supplied. Perhaps you meant https://None?
2025-06-04 21:20:10,608 - INFO - 127.0.0.1 - - [04/Jun/2025 21:20:10] "[35m[1mGET /ticket/R7906 HTTP/1.1[0m" 500 -
2025-06-04 21:20:10,784 - INFO - 127.0.0.1 - - [04/Jun/2025 21:20:10] "[33mGET /favicon.ico HTTP/1.1[0m" 404 -
2025-06-04 21:20:21,409 - INFO - Obtendo um novo token
2025-06-04 21:20:21,413 - ERROR - Erro ao processar a requisição: Invalid URL 'None': No scheme supplied. Perhaps you meant https://None?
2025-06-04 21:20:21,414 - INFO - 127.0.0.1 - - [04/Jun/2025 21:20:21] "[35m[1mGET /ticket/R7906 HTTP/1.1[0m" 500 -
2025-06-04 21:20:21,448 - INFO - Obtendo um novo token
2025-06-04 21:20:21,452 - ERROR - Erro ao processar a requisição: Invalid URL 'None': No scheme supplied. Perhaps you meant https://None?
2025-06-04 21:20:21,454 - INFO - 127.0.0.1 - - [04/Jun/2025 21:20:21] "[35m[1mGET /ticket/R7906 HTTP/1.1[0m" 500 -
2025-06-04 21:22:45,804 - INFO - [31m[1mWARNING: This is a development server. Do not use it in a production deployment. Use a production WSGI server instead.[0m
 * Running on http://127.0.0.1:8000
2025-06-04 21:22:45,805 - INFO - [33mPress CTRL+C to quit[0m
2025-06-04 21:22:50,853 - INFO - Obtendo um novo token
2025-06-04 21:22:51,556 - ERROR - Erro 404 ao buscar o token. <!DOCTYPE html>
<html lang="en">
<head>
<meta charset="utf-8">
<title>Error</title>
</head>
<body>
<pre>Cannot POST /loginAdd%20commentMore%20actions</pre>
</body>
</html>

2025-06-04 21:22:51,557 - INFO - 127.0.0.1 - - [04/Jun/2025 21:22:51] "[31m[1mGET /ticket/R7906 HTTP/1.1[0m" 400 -
2025-06-04 21:23:44,605 - INFO - Obtendo um novo token
2025-06-04 21:23:45,380 - ERROR - Erro 404 ao buscar o token. <!DOCTYPE html>
<html lang="en">
<head>
<meta charset="utf-8">
<title>Error</title>
</head>
<body>
<pre>Cannot POST /loginAdd%20commentMore%20actions</pre>
</body>
</html>

2025-06-04 21:23:45,381 - INFO - 127.0.0.1 - - [04/Jun/2025 21:23:45] "[31m[1mGET /ticket/R7906 HTTP/1.1[0m" 400 -
2025-06-04 21:24:15,988 - INFO - [31m[1mWARNING: This is a development server. Do not use it in a production deployment. Use a production WSGI server instead.[0m
 * Running on http://127.0.0.1:8000
2025-06-04 21:24:15,988 - INFO - [33mPress CTRL+C to quit[0m
2025-06-04 21:24:21,381 - INFO - Obtendo um novo token
2025-06-04 21:24:22,517 - ERROR - Erro 404 ao buscar o token. <!DOCTYPE html>
<html lang="en">
<head>
<meta charset="utf-8">
<title>Error</title>
</head>
<body>
<pre>Cannot POST /loginAdd</pre>
</body>
</html>

2025-06-04 21:24:22,519 - INFO - 127.0.0.1 - - [04/Jun/2025 21:24:22] "[31m[1mGET /ticket/R7906 HTTP/1.1[0m" 400 -
2025-06-04 21:25:06,835 - INFO - [31m[1mWARNING: This is a development server. Do not use it in a production deployment. Use a production WSGI server instead.[0m
 * Running on http://127.0.0.1:8000
2025-06-04 21:25:06,837 - INFO - [33mPress CTRL+C to quit[0m
2025-06-04 21:25:13,467 - INFO - Obtendo um novo token
2025-06-04 21:25:13,943 - INFO - Token obtido com sucesso.
2025-06-04 21:25:13,944 - INFO - Pesquisando o ticket R7906...
2025-06-04 21:25:14,424 - INFO - Pesquisa efetuada com sucesso.
2025-06-04 21:25:15,838 - INFO - Consultando histórico do ticket
2025-06-04 21:25:15,838 - INFO - Histórico disponibilizado.
2025-06-04 21:25:15,839 - INFO - Formatando resolução
2025-06-04 21:25:15,846 - INFO - 127.0.0.1 - - [04/Jun/2025 21:25:15] "GET /ticket/R7906 HTTP/1.1" 200 -
2025-06-04 21:26:11,650 - INFO - Pesquisando o ticket R7272...
2025-06-04 21:26:12,067 - INFO - Pesquisa efetuada com sucesso.
2025-06-04 21:26:12,491 - INFO - Consultando histórico do ticket
2025-06-04 21:26:12,491 - INFO - Histórico disponibilizado.
2025-06-04 21:26:12,493 - INFO - 127.0.0.1 - - [04/Jun/2025 21:26:12] "GET /ticket/R7272 HTTP/1.1" 200 -
2025-06-04 21:26:14,276 - INFO - Pesquisando o ticket R7272...
2025-06-04 21:26:15,733 - INFO - Pesquisa efetuada com sucesso.
2025-06-04 21:26:17,559 - INFO - Consultando histórico do ticket
2025-06-04 21:26:17,560 - INFO - Histórico disponibilizado.
2025-06-04 21:26:17,561 - INFO - 127.0.0.1 - - [04/Jun/2025 21:26:17] "GET /ticket/R7272 HTTP/1.1" 200 -
2025-06-04 21:26:55,372 - INFO - Pesquisando o ticket R7906...
2025-06-04 21:26:55,689 - INFO - Pesquisa efetuada com sucesso.
2025-06-04 21:26:56,213 - INFO - Consultando histórico do ticket
2025-06-04 21:26:56,213 - INFO - Histórico disponibilizado.
2025-06-04 21:26:56,214 - INFO - Formatando resolução
2025-06-04 21:26:56,217 - INFO - 127.0.0.1 - - [04/Jun/2025 21:26:56] "GET /ticket/R7906 HTTP/1.1" 200 -
2025-06-04 21:27:52,012 - INFO - [31m[1mWARNING: This is a development server. Do not use it in a production deployment. Use a production WSGI server instead.[0m
 * Running on http://127.0.0.1:8000
2025-06-04 21:27:52,012 - INFO - [33mPress CTRL+C to quit[0m
2025-06-04 21:27:52,760 - INFO - Obtendo um novo token
2025-06-04 21:27:53,378 - INFO - Token obtido com sucesso.
2025-06-04 21:27:53,379 - INFO - Pesquisando o ticket R7906...
2025-06-04 21:27:53,753 - INFO - Pesquisa efetuada com sucesso.
2025-06-04 21:27:54,229 - INFO - Consultando histórico do ticket
2025-06-04 21:27:54,229 - INFO - Histórico disponibilizado.
2025-06-04 21:27:54,230 - INFO - Formatando resolução
2025-06-04 21:27:54,237 - INFO - 127.0.0.1 - - [04/Jun/2025 21:27:54] "GET /ticket/R7906 HTTP/1.1" 200 -
2025-06-04 21:31:00,031 - INFO - [31m[1mWARNING: This is a development server. Do not use it in a production deployment. Use a production WSGI server instead.[0m
 * Running on http://127.0.0.1:8000
2025-06-04 21:31:00,031 - INFO - [33mPress CTRL+C to quit[0m
2025-06-04 21:31:05,982 - INFO - Obtendo um novo token
2025-06-04 21:31:06,483 - INFO - Token obtido com sucesso.
2025-06-04 21:31:06,484 - INFO - Pesquisando o ticket R7906...
2025-06-04 21:31:06,838 - INFO - Pesquisa efetuada com sucesso.
2025-06-04 21:31:07,080 - INFO - Consultando histórico do ticket
2025-06-04 21:31:07,080 - INFO - Histórico disponibilizado.
2025-06-04 21:31:07,081 - INFO - Formatando resolução
2025-06-04 21:31:07,086 - INFO - 127.0.0.1 - - [04/Jun/2025 21:31:07] "GET /ticket/R7906 HTTP/1.1" 200 -
2025-06-04 21:33:18,271 - INFO - [31m[1mWARNING: This is a development server. Do not use it in a production deployment. Use a production WSGI server instead.[0m
 * Running on http://127.0.0.1:8000
2025-06-04 21:33:18,271 - INFO - [33mPress CTRL+C to quit[0m
2025-06-04 21:33:26,732 - INFO - Obtendo um novo token
2025-06-04 21:33:27,266 - INFO - Token obtido com sucesso.
2025-06-04 21:33:27,267 - INFO - Pesquisando o ticket R7906...
2025-06-04 21:33:27,710 - INFO - Pesquisa efetuada com sucesso.
2025-06-04 21:33:28,212 - INFO - Consultando histórico do ticket
2025-06-04 21:33:28,213 - INFO - Histórico disponibilizado.
2025-06-04 21:33:28,214 - INFO - Formatando resolução
2025-06-04 21:33:28,222 - INFO - 127.0.0.1 - - [04/Jun/2025 21:33:28] "GET /ticket/R7906 HTTP/1.1" 200 -
2025-06-04 21:35:27,719 - INFO - [31m[1mWARNING: This is a development server. Do not use it in a production deployment. Use a production WSGI server instead.[0m
 * Running on http://127.0.0.1:8000
2025-06-04 21:35:27,719 - INFO - [33mPress CTRL+C to quit[0m
2025-06-04 21:35:32,987 - INFO - Obtendo um novo token
2025-06-04 21:35:34,535 - INFO - Token obtido com sucesso.
2025-06-04 21:35:34,535 - INFO - Pesquisando o ticket R7906...
2025-06-04 21:35:34,853 - INFO - Pesquisa efetuada com sucesso.
2025-06-04 21:35:35,217 - INFO - Consultando histórico do ticket
2025-06-04 21:35:35,217 - INFO - Histórico disponibilizado.
2025-06-04 21:35:35,218 - INFO - Formatando resolução
2025-06-04 21:35:35,226 - INFO - 127.0.0.1 - - [04/Jun/2025 21:35:35] "GET /ticket/R7906 HTTP/1.1" 200 -
2025-06-04 21:36:21,731 - INFO - Pesquisando o ticket R7272...
2025-06-04 21:36:22,564 - INFO - Pesquisa efetuada com sucesso.
2025-06-04 21:36:22,953 - INFO - Consultando histórico do ticket
2025-06-04 21:36:22,953 - INFO - Histórico disponibilizado.
2025-06-04 21:36:22,955 - INFO - 127.0.0.1 - - [04/Jun/2025 21:36:22] "GET /ticket/R7272 HTTP/1.1" 200 -
2025-06-04 21:36:38,010 - INFO - Pesquisando o ticket R7273...
2025-06-04 21:36:38,447 - INFO - Pesquisa efetuada com sucesso.
2025-06-04 21:36:38,900 - INFO - Consultando histórico do ticket
2025-06-04 21:36:38,900 - INFO - Histórico disponibilizado.
2025-06-04 21:36:38,902 - INFO - 127.0.0.1 - - [04/Jun/2025 21:36:38] "GET /ticket/R7273 HTTP/1.1" 200 -
2025-06-04 21:36:43,853 - INFO - Pesquisando o ticket R7273...
2025-06-04 21:36:45,281 - INFO - Pesquisa efetuada com sucesso.
2025-06-04 21:36:46,795 - INFO - Consultando histórico do ticket
2025-06-04 21:36:46,795 - INFO - Histórico disponibilizado.
2025-06-04 21:36:46,797 - INFO - 127.0.0.1 - - [04/Jun/2025 21:36:46] "GET /ticket/R7273 HTTP/1.1" 200 -
2025-06-04 21:38:54,597 - INFO - [31m[1mWARNING: This is a development server. Do not use it in a production deployment. Use a production WSGI server instead.[0m
 * Running on http://127.0.0.1:8000
2025-06-04 21:38:54,597 - INFO - [33mPress CTRL+C to quit[0m
2025-06-04 21:39:02,834 - INFO - Obtendo um novo token
2025-06-04 21:39:03,543 - INFO - Token obtido com sucesso.
2025-06-04 21:39:03,543 - INFO - Pesquisando o ticket R7273...
2025-06-04 21:39:04,668 - INFO - Pesquisa efetuada com sucesso.
2025-06-04 21:39:05,304 - INFO - Consultando histórico do ticket
2025-06-04 21:39:05,305 - INFO - Histórico disponibilizado.
2025-06-04 21:39:05,305 - INFO - Formatando resolução
2025-06-04 21:39:05,315 - INFO - 127.0.0.1 - - [04/Jun/2025 21:39:05] "GET /ticket/R7273 HTTP/1.1" 200 -
2025-06-05 07:26:39,675 - INFO - [31m[1mWARNING: This is a development server. Do not use it in a production deployment. Use a production WSGI server instead.[0m
 * Running on http://127.0.0.1:8000
2025-06-05 07:26:39,676 - INFO - [33mPress CTRL+C to quit[0m
2025-06-05 07:26:51,376 - INFO - Obtendo um novo token
2025-06-05 07:26:52,324 - INFO - Token obtido com sucesso.
2025-06-05 07:26:52,324 - INFO - Pesquisando o ticket R7856...
2025-06-05 07:26:52,733 - INFO - Pesquisa efetuada com sucesso.
2025-06-05 07:26:53,499 - INFO - Consultando histórico do ticket
2025-06-05 07:26:53,499 - INFO - Histórico disponibilizado.
2025-06-05 07:26:53,499 - INFO - Formatando resolução
2025-06-05 07:26:53,502 - INFO - 127.0.0.1 - - [05/Jun/2025 07:26:53] "GET /ticket/R7856 HTTP/1.1" 200 -
2025-06-05 07:26:54,029 - INFO - 127.0.0.1 - - [05/Jun/2025 07:26:54] "[33mGET /favicon.ico HTTP/1.1[0m" 404 -
2025-06-05 07:26:55,315 - INFO - Pesquisando o ticket R7856...
2025-06-05 07:26:55,504 - INFO - Pesquisa efetuada com sucesso.
2025-06-05 07:26:55,712 - INFO - Consultando histórico do ticket
2025-06-05 07:26:55,712 - INFO - Histórico disponibilizado.
2025-06-05 07:26:55,713 - INFO - Formatando resolução
2025-06-05 07:26:55,714 - INFO - 127.0.0.1 - - [05/Jun/2025 07:26:55] "GET /ticket/R7856 HTTP/1.1" 200 -
2025-06-06 10:12:27,698 - INFO - [31m[1mWARNING: This is a development server. Do not use it in a production deployment. Use a production WSGI server instead.[0m
 * Running on http://127.0.0.1:8000
2025-06-06 10:12:27,699 - INFO - [33mPress CTRL+C to quit[0m
2025-06-06 10:12:41,728 - INFO - Obtendo um novo token
2025-06-06 10:12:43,134 - INFO - Token obtido com sucesso.
2025-06-06 10:12:43,134 - INFO - Pesquisando o ticket R1960...
2025-06-06 10:12:44,202 - INFO - Pesquisa efetuada com sucesso.
2025-06-06 10:12:44,625 - INFO - Consultando histórico do ticket
2025-06-06 10:12:44,626 - INFO - Histórico disponibilizado.
2025-06-06 10:12:44,630 - ERROR - Erro ao processar a requisição: consultaApi.removerImgs() takes 1 positional argument but 2 were given
2025-06-06 10:12:44,631 - INFO - 127.0.0.1 - - [06/Jun/2025 10:12:44] "[35m[1mGET /ticket/R1960 HTTP/1.1[0m" 500 -
2025-06-06 10:12:44,778 - INFO - 127.0.0.1 - - [06/Jun/2025 10:12:44] "[33mGET /favicon.ico HTTP/1.1[0m" 404 -
2025-06-06 10:12:58,880 - INFO - Pesquisando o ticket R1960...
2025-06-06 10:12:59,103 - INFO - Pesquisa efetuada com sucesso.
2025-06-06 10:12:59,495 - INFO - Consultando histórico do ticket
2025-06-06 10:12:59,497 - INFO - Histórico disponibilizado.
2025-06-06 10:12:59,501 - ERROR - Erro ao processar a requisição: consultaApi.removerImgs() takes 1 positional argument but 2 were given
2025-06-06 10:12:59,501 - INFO - 127.0.0.1 - - [06/Jun/2025 10:12:59] "[35m[1mGET /ticket/R1960 HTTP/1.1[0m" 500 -
2025-06-06 10:12:59,735 - INFO - Pesquisando o ticket R1960...
2025-06-06 10:12:59,944 - INFO - Pesquisa efetuada com sucesso.
2025-06-06 10:13:00,347 - INFO - Consultando histórico do ticket
2025-06-06 10:13:00,348 - INFO - Histórico disponibilizado.
2025-06-06 10:13:00,352 - ERROR - Erro ao processar a requisição: consultaApi.removerImgs() takes 1 positional argument but 2 were given
2025-06-06 10:13:00,352 - INFO - 127.0.0.1 - - [06/Jun/2025 10:13:00] "[35m[1mGET /ticket/R1960 HTTP/1.1[0m" 500 -
2025-06-06 10:14:02,489 - INFO - [31m[1mWARNING: This is a development server. Do not use it in a production deployment. Use a production WSGI server instead.[0m
 * Running on http://127.0.0.1:8000
2025-06-06 10:14:02,489 - INFO - [33mPress CTRL+C to quit[0m
2025-06-06 10:14:31,265 - INFO - Obtendo um novo token
2025-06-06 10:14:31,613 - INFO - Token obtido com sucesso.
2025-06-06 10:14:31,613 - INFO - Pesquisando o ticket R1960...
2025-06-06 10:14:31,829 - INFO - Pesquisa efetuada com sucesso.
2025-06-06 10:14:32,159 - INFO - Consultando histórico do ticket
2025-06-06 10:14:32,160 - INFO - Histórico disponibilizado.
2025-06-06 10:14:32,164 - INFO - 127.0.0.1 - - [06/Jun/2025 10:14:32] "GET /ticket/R1960 HTTP/1.1" 200 -
2025-06-06 10:17:20,036 - INFO - Pesquisando o ticket R7946...
2025-06-06 10:17:21,153 - INFO - Pesquisa efetuada com sucesso.
2025-06-06 10:17:21,489 - INFO - Consultando histórico do ticket
2025-06-06 10:17:21,490 - INFO - Histórico disponibilizado.
2025-06-06 10:17:21,493 - INFO - Formatando resolução
2025-06-06 10:17:21,512 - INFO - 127.0.0.1 - - [06/Jun/2025 10:17:21] "GET /ticket/R7946 HTTP/1.1" 200 -
2025-06-06 10:17:23,152 - INFO - Pesquisando o ticket R7946...
2025-06-06 10:17:23,472 - INFO - Pesquisa efetuada com sucesso.
2025-06-06 10:17:23,727 - INFO - Consultando histórico do ticket
2025-06-06 10:17:23,727 - INFO - Histórico disponibilizado.
2025-06-06 10:17:23,728 - INFO - Formatando resolução
2025-06-06 10:17:23,731 - INFO - 127.0.0.1 - - [06/Jun/2025 10:17:23] "GET /ticket/R7946 HTTP/1.1" 200 -
2025-06-06 10:19:47,859 - INFO - [31m[1mWARNING: This is a development server. Do not use it in a production deployment. Use a production WSGI server instead.[0m
 * Running on http://127.0.0.1:8000
2025-06-06 10:19:47,859 - INFO - [33mPress CTRL+C to quit[0m
2025-06-06 10:19:53,360 - INFO - [31m[1mWARNING: This is a development server. Do not use it in a production deployment. Use a production WSGI server instead.[0m
 * Running on http://127.0.0.1:8000
2025-06-06 10:19:53,360 - INFO - [33mPress CTRL+C to quit[0m
2025-06-06 10:20:25,270 - INFO - [31m[1mWARNING: This is a development server. Do not use it in a production deployment. Use a production WSGI server instead.[0m
 * Running on http://127.0.0.1:8000
2025-06-06 10:20:25,270 - INFO - [33mPress CTRL+C to quit[0m
2025-06-06 10:20:55,538 - INFO - Obtendo um novo token
2025-06-06 10:20:56,452 - INFO - Token obtido com sucesso.
2025-06-06 10:20:56,452 - INFO - Pesquisando o ticket R7946...
2025-06-06 10:20:57,030 - INFO - Pesquisa efetuada com sucesso.
2025-06-06 10:20:57,882 - INFO - Consultando histórico do ticket
2025-06-06 10:20:57,882 - INFO - Histórico disponibilizado.
2025-06-06 10:20:57,882 - INFO - Formatando resolução
2025-06-06 10:20:57,884 - INFO - 127.0.0.1 - - [06/Jun/2025 10:20:57] "GET /ticket/R7946 HTTP/1.1" 200 -
2025-06-06 10:22:39,445 - INFO - [31m[1mWARNING: This is a development server. Do not use it in a production deployment. Use a production WSGI server instead.[0m
 * Running on http://127.0.0.1:8000
2025-06-06 10:22:39,446 - INFO - [33mPress CTRL+C to quit[0m
2025-06-06 10:23:05,831 - INFO - Obtendo um novo token
2025-06-06 10:23:06,199 - INFO - Token obtido com sucesso.
2025-06-06 10:23:06,199 - INFO - Pesquisando o ticket R7946...
2025-06-06 10:23:06,729 - INFO - Pesquisa efetuada com sucesso.
2025-06-06 10:23:07,924 - INFO - Consultando histórico do ticket
2025-06-06 10:23:07,924 - INFO - Histórico disponibilizado.
2025-06-06 10:23:07,924 - INFO - Formatando resolução
2025-06-06 10:23:07,926 - INFO - 127.0.0.1 - - [06/Jun/2025 10:23:07] "GET /ticket/R7946 HTTP/1.1" 200 -
2025-06-06 10:23:14,298 - INFO - Pesquisando o ticket R7946...
2025-06-06 10:23:14,566 - INFO - Pesquisa efetuada com sucesso.
2025-06-06 10:23:14,813 - INFO - Consultando histórico do ticket
2025-06-06 10:23:14,813 - INFO - Histórico disponibilizado.
2025-06-06 10:23:14,813 - INFO - Formatando resolução
2025-06-06 10:23:14,815 - INFO - 127.0.0.1 - - [06/Jun/2025 10:23:14] "GET /ticket/R7946 HTTP/1.1" 200 -
2025-06-06 10:24:01,524 - INFO - [31m[1mWARNING: This is a development server. Do not use it in a production deployment. Use a production WSGI server instead.[0m
 * Running on http://127.0.0.1:8000
2025-06-06 10:24:01,524 - INFO - [33mPress CTRL+C to quit[0m
2025-06-06 10:24:32,505 - INFO - [31m[1mWARNING: This is a development server. Do not use it in a production deployment. Use a production WSGI server instead.[0m
 * Running on http://127.0.0.1:8000
2025-06-06 10:24:32,505 - INFO - [33mPress CTRL+C to quit[0m
2025-06-06 10:24:35,724 - INFO - Obtendo um novo token
2025-06-06 10:24:37,276 - INFO - Token obtido com sucesso.
2025-06-06 10:24:37,276 - INFO - Pesquisando o ticket R7946...
2025-06-06 10:24:37,975 - INFO - Pesquisa efetuada com sucesso.
2025-06-06 10:24:38,874 - INFO - Consultando histórico do ticket
2025-06-06 10:24:38,874 - INFO - Histórico disponibilizado.
2025-06-06 10:24:38,875 - INFO - Formatando resolução
2025-06-06 10:24:38,879 - INFO - 127.0.0.1 - - [06/Jun/2025 10:24:38] "GET /ticket/R7946 HTTP/1.1" 200 -
2025-06-06 10:39:48,376 - INFO - [31m[1mWARNING: This is a development server. Do not use it in a production deployment. Use a production WSGI server instead.[0m
 * Running on http://127.0.0.1:8000
2025-06-06 10:39:48,376 - INFO - [33mPress CTRL+C to quit[0m
2025-06-06 10:39:48,437 - INFO - Obtendo um novo token
2025-06-06 10:39:48,802 - INFO - Token obtido com sucesso.
2025-06-06 10:39:48,803 - INFO - Pesquisando o ticket R7946...
2025-06-06 10:39:49,320 - INFO - Pesquisa efetuada com sucesso.
2025-06-06 10:39:50,111 - INFO - Consultando histórico do ticket
2025-06-06 10:39:50,111 - INFO - Histórico disponibilizado.
2025-06-06 10:39:50,112 - INFO - Formatando resolução
2025-06-06 10:39:50,116 - INFO - 127.0.0.1 - - [06/Jun/2025 10:39:50] "GET /ticket/R7946 HTTP/1.1" 200 -
